<testsuite name="PhantomJS 1.9.8" tests="2" errors="0" failures="1" skipped="0">
  
  <properties>
    
    <property name="browser.fullName" value="PhantomJS/1.9.8 Safari/534.34"/>
    
  </properties>
  
  <testcase name="testcase1.1" time="0.003" classname="PhantomJS 1.9.8.add"/>
  
  <testcase name="testcase1.2" time="0.001" classname="PhantomJS 1.9.8.FAIL">
    
    <failure type="">AssertionError: expected undefined not to be an undefined</failure>
    
  </testcase>
  
  <testcase name="testcase3.1" time="0.001" classname="should pass 1"></testcase>
  
  <testcase name="testcase3.2" time="0.001" classname="should pass 2"></testcase>
  
</testsuite>